# JRE version: Java(TM) SE Runtime Environment (8.0_05-b13) (build 1.8.0_05-b13)
# Java VM: Java HotSpot(TM) 64-Bit Server VM (25.5-b02 mixed mode windows-amd64 compressed oops)
Heap:
 PSYoungGen      total 109568K, used 90372K [0x00000000eb400000, 0x00000000f2580000, 0x0000000100000000)
  eden space 105472K, 85% used [0x00000000eb400000,0x00000000f0c412d8,0x00000000f1b00000)
  from space 4096K, 0% used [0x00000000f1f00000,0x00000000f1f00000,0x00000000f2300000)
  to   space 4096K, 0% used [0x00000000f1b00000,0x00000000f1b00000,0x00000000f1f00000)
 ParOldGen       total 518144K, used 516261K [0x00000000c1c00000, 0x00000000e1600000, 0x00000000eb400000)
  object space 518144K, 99% used [0x00000000c1c00000,0x00000000e1429648,0x00000000e1600000)
 Metaspace       used 13800K, capacity 13974K, committed 14208K, reserved 1060864K
  class space    used 1807K, capacity 1863K, committed 1920K, reserved 1048576K
GC Heap History (10 events):
Event: 27.985 GC heap before
{Heap before GC invocations=52 (full 19):
 PSYoungGen      total 98816K, used 270K [0x00000000eb400000, 0x00000000f2300000, 0x0000000100000000)
  eden space 94208K, 0% used [0x00000000eb400000,0x00000000eb400000,0x00000000f1000000)
  from space 4608K, 5% used [0x00000000f1000000,0x00000000f10438a0,0x00000000f1480000)
  to   space 4096K, 0% used [0x00000000f1f00000,0x00000000f1f00000,0x00000000f2300000)
 ParOldGen       total 496128K, used 434811K [0x00000000c1c00000, 0x00000000e0080000, 0x00000000eb400000)
  object space 496128K, 87% used [0x00000000c1c00000,0x00000000dc49ed00,0x00000000e0080000)
 Metaspace       used 13506K, capacity 13650K, committed 13952K, reserved 1060864K
  class space    used 1748K, capacity 1797K, committed 1920K, reserved 1048576K
Event: 28.007 GC heap after
Heap after GC invocations=52 (full 19):
 PSYoungGen      total 98816K, used 0K [0x00000000eb400000, 0x00000000f2300000, 0x0000000100000000)
  eden space 94208K, 0% used [0x00000000eb400000,0x00000000eb400000,0x00000000f1000000)
  from space 4608K, 0% used [0x00000000f1000000,0x00000000f1000000,0x00000000f1480000)
  to   space 4096K, 0% used [0x00000000f1f00000,0x00000000f1f00000,0x00000000f2300000)
 ParOldGen       total 518144K, used 398811K [0x00000000c1c00000, 0x00000000e1600000, 0x00000000eb400000)
  object space 518144K, 76% used [0x00000000c1c00000,0x00000000da176ce0,0x00000000e1600000)
 Metaspace       used 13506K, capacity 13650K, committed 13952K, reserved 1060864K
  class space    used 1748K, capacity 1797K, committed 1920K, reserved 1048576K
}
Event: 28.828 GC heap before
{Heap before GC invocations=53 (full 19):
 PSYoungGen      total 98816K, used 91914K [0x00000000eb400000, 0x00000000f2300000, 0x0000000100000000)
  eden space 94208K, 97% used [0x00000000eb400000,0x00000000f0dc28a0,0x00000000f1000000)
  from space 4608K, 0% used [0x00000000f1000000,0x00000000f1000000,0x00000000f1480000)
  to   space 4096K, 0% used [0x00000000f1f00000,0x00000000f1f00000,0x00000000f2300000)
 ParOldGen       total 518144K, used 398811K [0x00000000c1c00000, 0x00000000e1600000, 0x00000000eb400000)
  object space 518144K, 76% used [0x00000000c1c00000,0x00000000da176ce0,0x00000000e1600000)
 Metaspace       used 13664K, capacity 13874K, committed 14208K, reserved 1060864K
  class space    used 1772K, capacity 1829K, committed 1920K, reserved 1048576K
Event: 28.864 GC heap after
Heap after GC invocations=53 (full 19):
 PSYoungGen      total 109568K, used 1504K [0x00000000eb400000, 0x00000000f2580000, 0x0000000100000000)
  eden space 105472K, 0% used [0x00000000eb400000,0x00000000eb400000,0x00000000f1b00000)
  from space 4096K, 36% used [0x00000000f1f00000,0x00000000f2078000,0x00000000f2300000)
  to   space 4096K, 0% used [0x00000000f1b00000,0x00000000f1b00000,0x00000000f1f00000)
 ParOldGen       total 518144K, used 471002K [0x00000000c1c00000, 0x00000000e1600000, 0x00000000eb400000)
  object space 518144K, 90% used [0x00000000c1c00000,0x00000000de7f68c0,0x00000000e1600000)
 Metaspace       used 13664K, capacity 13874K, committed 14208K, reserved 1060864K
  class space    used 1772K, capacity 1829K, committed 1920K, reserved 1048576K
}
Event: 28.864 GC heap before
{Heap before GC invocations=54 (full 20):
 PSYoungGen      total 109568K, used 1504K [0x00000000eb400000, 0x00000000f2580000, 0x0000000100000000)
  eden space 105472K, 0% used [0x00000000eb400000,0x00000000eb400000,0x00000000f1b00000)
  from space 4096K, 36% used [0x00000000f1f00000,0x00000000f2078000,0x00000000f2300000)
  to   space 4096K, 0% used [0x00000000f1b00000,0x00000000f1b00000,0x00000000f1f00000)
 ParOldGen       total 518144K, used 471002K [0x00000000c1c00000, 0x00000000e1600000, 0x00000000eb400000)
  object space 518144K, 90% used [0x00000000c1c00000,0x00000000de7f68c0,0x00000000e1600000)
 Metaspace       used 13664K, capacity 13874K, committed 14208K, reserved 1060864K
  class space    used 1772K, capacity 1829K, committed 1920K, reserved 1048576K
Event: 28.893 GC heap after
Heap after GC invocations=54 (full 20):
 PSYoungGen      total 109568K, used 0K [0x00000000eb400000, 0x00000000f2580000, 0x0000000100000000)
  eden space 105472K, 0% used [0x00000000eb400000,0x00000000eb400000,0x00000000f1b00000)
  from space 4096K, 0% used [0x00000000f1f00000,0x00000000f1f00000,0x00000000f2300000)
  to   space 4096K, 0% used [0x00000000f1b00000,0x00000000f1b00000,0x00000000f1f00000)
 ParOldGen       total 518144K, used 446428K [0x00000000c1c00000, 0x00000000e1600000, 0x00000000eb400000)
  object space 518144K, 86% used [0x00000000c1c00000,0x00000000dcff7238,0x00000000e1600000)
 Metaspace       used 13664K, capacity 13874K, committed 14208K, reserved 1060864K
  class space    used 1772K, capacity 1829K, committed 1920K, reserved 1048576K
}
Event: 31.004 GC heap before
{Heap before GC invocations=55 (full 21):
 PSYoungGen      total 109568K, used 105163K [0x00000000eb400000, 0x00000000f2580000, 0x0000000100000000)
  eden space 105472K, 99% used [0x00000000eb400000,0x00000000f1ab2d98,0x00000000f1b00000)
  from space 4096K, 0% used [0x00000000f1f00000,0x00000000f1f00000,0x00000000f2300000)
  to   space 4096K, 0% used [0x00000000f1b00000,0x00000000f1b00000,0x00000000f1f00000)
 ParOldGen       total 518144K, used 446428K [0x00000000c1c00000, 0x00000000e1600000, 0x00000000eb400000)
  object space 518144K, 86% used [0x00000000c1c00000,0x00000000dcff7238,0x00000000e1600000)
 Metaspace       used 13665K, capacity 13874K, committed 14208K, reserved 1060864K
  class space    used 1772K, capacity 1829K, committed 1920K, reserved 1048576K
Event: 31.042 GC heap after
Heap after GC invocations=55 (full 21):
 PSYoungGen      total 109568K, used 0K [0x00000000eb400000, 0x00000000f2580000, 0x0000000100000000)
  eden space 105472K, 0% used [0x00000000eb400000,0x00000000eb400000,0x00000000f1b00000)
  from space 4096K, 0% used [0x00000000f1f00000,0x00000000f1f00000,0x00000000f2300000)
  to   space 4096K, 0% used [0x00000000f1b00000,0x00000000f1b00000,0x00000000f1f00000)
 ParOldGen       total 518144K, used 472420K [0x00000000c1c00000, 0x00000000e1600000, 0x00000000eb400000)
  object space 518144K, 91% used [0x00000000c1c00000,0x00000000de959168,0x00000000e1600000)
 Metaspace       used 13665K, capacity 13874K, committed 14208K, reserved 1060864K
  class space    used 1772K, capacity 1829K, committed 1920K, reserved 1048576K
}
Event: 32.092 GC heap before
{Heap before GC invocations=56 (full 22):
 PSYoungGen      total 109568K, used 105472K [0x00000000eb400000, 0x00000000f2580000, 0x0000000100000000)
  eden space 105472K, 100% used [0x00000000eb400000,0x00000000f1b00000,0x00000000f1b00000)
  from space 4096K, 0% used [0x00000000f1f00000,0x00000000f1f00000,0x00000000f2300000)
  to   space 4096K, 0% used [0x00000000f1b00000,0x00000000f1b00000,0x00000000f1f00000)
 ParOldGen       total 518144K, used 472420K [0x00000000c1c00000, 0x00000000e1600000, 0x00000000eb400000)
  object space 518144K, 91% used [0x00000000c1c00000,0x00000000de959168,0x00000000e1600000)
 Metaspace       used 13706K, capacity 13874K, committed 14208K, reserved 1060864K
  class space    used 1790K, capacity 1829K, committed 1920K, reserved 1048576K
Event: 32.255 GC heap after
Heap after GC invocations=56 (full 22):
 PSYoungGen      total 109568K, used 0K [0x00000000eb400000, 0x00000000f2580000, 0x0000000100000000)
  eden space 105472K, 0% used [0x00000000eb400000,0x00000000eb400000,0x00000000f1b00000)
  from space 4096K, 0% used [0x00000000f1f00000,0x00000000f1f00000,0x00000000f2300000)
  to   space 4096K, 0% used [0x00000000f1b00000,0x00000000f1b00000,0x00000000f1f00000)
 ParOldGen       total 518144K, used 516261K [0x00000000c1c00000, 0x00000000e1600000, 0x00000000eb400000)
  object space 518144K, 99% used [0x00000000c1c00000,0x00000000e1429648,0x00000000e1600000)
 Metaspace       used 13706K, capacity 13874K, committed 14208K, reserved 1060864K
  class space    used 1790K, capacity 1829K, committed 1920K, reserved 1048576K
}

