# JRE version: Java(TM) SE Runtime Environment (8.0_05-b13) (build 1.8.0_05-b13)
# Java VM: Java HotSpot(TM) 64-Bit Server VM (25.5-b02 mixed mode windows-amd64 compressed oops)
Heap:
 PSYoungGen      total 136192K, used 2323K [0x00000000eb400000, 0x00000000f5a80000, 0x0000000100000000)
  eden space 100864K, 2% used [0x00000000eb400000,0x00000000eb644d00,0x00000000f1680000)
  from space 35328K, 0% used [0x00000000f1680000,0x00000000f1680000,0x00000000f3900000)
  to   space 33792K, 0% used [0x00000000f3980000,0x00000000f3980000,0x00000000f5a80000)
 ParOldGen       total 511488K, used 384152K [0x00000000c1c00000, 0x00000000e0f80000, 0x00000000eb400000)
  object space 511488K, 75% used [0x00000000c1c00000,0x00000000d9326350,0x00000000e0f80000)
 Metaspace       used 12884K, capacity 13062K, committed 13312K, reserved 1062912K
  class space    used 1687K, capacity 1731K, committed 1792K, reserved 1048576K
GC Heap History (10 events):
Event: 18.621 GC heap before
{Heap before GC invocations=49 (full 18):
 PSYoungGen      total 136192K, used 64K [0x00000000eb400000, 0x00000000f5d80000, 0x0000000100000000)
  eden space 100864K, 0% used [0x00000000eb400000,0x00000000eb400000,0x00000000f1680000)
  from space 35328K, 0% used [0x00000000f1680000,0x00000000f1690000,0x00000000f3900000)
  to   space 32768K, 0% used [0x00000000f3900000,0x00000000f3900000,0x00000000f5900000)
 ParOldGen       total 511488K, used 384494K [0x00000000c1c00000, 0x00000000e0f80000, 0x00000000eb400000)
  object space 511488K, 75% used [0x00000000c1c00000,0x00000000d937b9d8,0x00000000e0f80000)
 Metaspace       used 12776K, capacity 12940K, committed 13056K, reserved 1067008K
  class space    used 1673K, capacity 1732K, committed 1792K, reserved 1048576K
Event: 18.711 GC heap after
Heap after GC invocations=49 (full 18):
 PSYoungGen      total 136192K, used 0K [0x00000000eb400000, 0x00000000f5d80000, 0x0000000100000000)
  eden space 100864K, 0% used [0x00000000eb400000,0x00000000eb400000,0x00000000f1680000)
  from space 35328K, 0% used [0x00000000f1680000,0x00000000f1680000,0x00000000f3900000)
  to   space 32768K, 0% used [0x00000000f3900000,0x00000000f3900000,0x00000000f5900000)
 ParOldGen       total 511488K, used 384298K [0x00000000c1c00000, 0x00000000e0f80000, 0x00000000eb400000)
  object space 511488K, 75% used [0x00000000c1c00000,0x00000000d934a8c0,0x00000000e0f80000)
 Metaspace       used 12776K, capacity 12940K, committed 13056K, reserved 1062912K
  class space    used 1673K, capacity 1732K, committed 1792K, reserved 1048576K
}
Event: 18.711 GC heap before
{Heap before GC invocations=50 (full 18):
 PSYoungGen      total 136192K, used 0K [0x00000000eb400000, 0x00000000f5d80000, 0x0000000100000000)
  eden space 100864K, 0% used [0x00000000eb400000,0x00000000eb400000,0x00000000f1680000)
  from space 35328K, 0% used [0x00000000f1680000,0x00000000f1680000,0x00000000f3900000)
  to   space 32768K, 0% used [0x00000000f3900000,0x00000000f3900000,0x00000000f5900000)
 ParOldGen       total 511488K, used 384298K [0x00000000c1c00000, 0x00000000e0f80000, 0x00000000eb400000)
  object space 511488K, 75% used [0x00000000c1c00000,0x00000000d934a8c0,0x00000000e0f80000)
 Metaspace       used 12776K, capacity 12940K, committed 13056K, reserved 1067008K
  class space    used 1673K, capacity 1732K, committed 1792K, reserved 1048576K
Event: 18.714 GC heap after
Heap after GC invocations=50 (full 18):
 PSYoungGen      total 133632K, used 0K [0x00000000eb400000, 0x00000000f5d80000, 0x0000000100000000)
  eden space 100864K, 0% used [0x00000000eb400000,0x00000000eb400000,0x00000000f1680000)
  from space 32768K, 0% used [0x00000000f3900000,0x00000000f3900000,0x00000000f5900000)
  to   space 35328K, 0% used [0x00000000f1680000,0x00000000f1680000,0x00000000f3900000)
 ParOldGen       total 511488K, used 384298K [0x00000000c1c00000, 0x00000000e0f80000, 0x00000000eb400000)
  object space 511488K, 75% used [0x00000000c1c00000,0x00000000d934a8c0,0x00000000e0f80000)
 Metaspace       used 12776K, capacity 12940K, committed 13056K, reserved 1067008K
  class space    used 1673K, capacity 1732K, committed 1792K, reserved 1048576K
}
Event: 18.714 GC heap before
{Heap before GC invocations=51 (full 19):
 PSYoungGen      total 133632K, used 0K [0x00000000eb400000, 0x00000000f5d80000, 0x0000000100000000)
  eden space 100864K, 0% used [0x00000000eb400000,0x00000000eb400000,0x00000000f1680000)
  from space 32768K, 0% used [0x00000000f3900000,0x00000000f3900000,0x00000000f5900000)
  to   space 35328K, 0% used [0x00000000f1680000,0x00000000f1680000,0x00000000f3900000)
 ParOldGen       total 511488K, used 384298K [0x00000000c1c00000, 0x00000000e0f80000, 0x00000000eb400000)
  object space 511488K, 75% used [0x00000000c1c00000,0x00000000d934a8c0,0x00000000e0f80000)
 Metaspace       used 12776K, capacity 12940K, committed 13056K, reserved 1067008K
  class space    used 1673K, capacity 1732K, committed 1792K, reserved 1048576K
Event: 18.833 GC heap after
Heap after GC invocations=51 (full 19):
 PSYoungGen      total 133632K, used 0K [0x00000000eb400000, 0x00000000f5d80000, 0x0000000100000000)
  eden space 100864K, 0% used [0x00000000eb400000,0x00000000eb400000,0x00000000f1680000)
  from space 32768K, 0% used [0x00000000f3900000,0x00000000f3900000,0x00000000f5900000)
  to   space 35328K, 0% used [0x00000000f1680000,0x00000000f1680000,0x00000000f3900000)
 ParOldGen       total 511488K, used 384152K [0x00000000c1c00000, 0x00000000e0f80000, 0x00000000eb400000)
  object space 511488K, 75% used [0x00000000c1c00000,0x00000000d9326258,0x00000000e0f80000)
 Metaspace       used 12773K, capacity 12934K, committed 13056K, reserved 1062912K
  class space    used 1672K, capacity 1731K, committed 1792K, reserved 1048576K
}
Event: 18.839 GC heap before
{Heap before GC invocations=52 (full 19):
 PSYoungGen      total 133632K, used 1277K [0x00000000eb400000, 0x00000000f5d80000, 0x0000000100000000)
  eden space 100864K, 1% used [0x00000000eb400000,0x00000000eb53f6c8,0x00000000f1680000)
  from space 32768K, 0% used [0x00000000f3900000,0x00000000f3900000,0x00000000f5900000)
  to   space 35328K, 0% used [0x00000000f1680000,0x00000000f1680000,0x00000000f3900000)
 ParOldGen       total 511488K, used 384152K [0x00000000c1c00000, 0x00000000e0f80000, 0x00000000eb400000)
  object space 511488K, 75% used [0x00000000c1c00000,0x00000000d9326258,0x00000000e0f80000)
 Metaspace       used 12773K, capacity 12934K, committed 13056K, reserved 1069056K
  class space    used 1672K, capacity 1731K, committed 1792K, reserved 1048576K
Event: 18.841 GC heap after
Heap after GC invocations=52 (full 19):
 PSYoungGen      total 136192K, used 64K [0x00000000eb400000, 0x00000000f5a80000, 0x0000000100000000)
  eden space 100864K, 0% used [0x00000000eb400000,0x00000000eb400000,0x00000000f1680000)
  from space 35328K, 0% used [0x00000000f1680000,0x00000000f1690000,0x00000000f3900000)
  to   space 33792K, 0% used [0x00000000f3980000,0x00000000f3980000,0x00000000f5a80000)
 ParOldGen       total 511488K, used 384152K [0x00000000c1c00000, 0x00000000e0f80000, 0x00000000eb400000)
  object space 511488K, 75% used [0x00000000c1c00000,0x00000000d9326258,0x00000000e0f80000)
 Metaspace       used 12773K, capacity 12934K, committed 13056K, reserved 1069056K
  class space    used 1672K, capacity 1731K, committed 1792K, reserved 1048576K
}
Event: 18.841 GC heap before
{Heap before GC invocations=53 (full 20):
 PSYoungGen      total 136192K, used 64K [0x00000000eb400000, 0x00000000f5a80000, 0x0000000100000000)
  eden space 100864K, 0% used [0x00000000eb400000,0x00000000eb400000,0x00000000f1680000)
  from space 35328K, 0% used [0x00000000f1680000,0x00000000f1690000,0x00000000f3900000)
  to   space 33792K, 0% used [0x00000000f3980000,0x00000000f3980000,0x00000000f5a80000)
 ParOldGen       total 511488K, used 384152K [0x00000000c1c00000, 0x00000000e0f80000, 0x00000000eb400000)
  object space 511488K, 75% used [0x00000000c1c00000,0x00000000d9326258,0x00000000e0f80000)
 Metaspace       used 12773K, capacity 12934K, committed 13056K, reserved 1069056K
  class space    used 1672K, capacity 1731K, committed 1792K, reserved 1048576K
Event: 18.859 GC heap after
Heap after GC invocations=53 (full 20):
 PSYoungGen      total 136192K, used 0K [0x00000000eb400000, 0x00000000f5a80000, 0x0000000100000000)
  eden space 100864K, 0% used [0x00000000eb400000,0x00000000eb400000,0x00000000f1680000)
  from space 35328K, 0% used [0x00000000f1680000,0x00000000f1680000,0x00000000f3900000)
  to   space 33792K, 0% used [0x00000000f3980000,0x00000000f3980000,0x00000000f5a80000)
 ParOldGen       total 511488K, used 384152K [0x00000000c1c00000, 0x00000000e0f80000, 0x00000000eb400000)
  object space 511488K, 75% used [0x00000000c1c00000,0x00000000d9326350,0x00000000e0f80000)
 Metaspace       used 12773K, capacity 12934K, committed 13056K, reserved 1062912K
  class space    used 1672K, capacity 1731K, committed 1792K, reserved 1048576K
}

