# JRE version: Java(TM) SE Runtime Environment (8.0_05-b13) (build 1.8.0_05-b13)
# Java VM: Java HotSpot(TM) 64-Bit Server VM (25.5-b02 mixed mode windows-amd64 compressed oops)
Heap:
 PSYoungGen      total 101888K, used 17747K [0x00000000eb400000, 0x00000000f1880000, 0x0000000100000000)
  eden space 100864K, 17% used [0x00000000eb400000,0x00000000ec519460,0x00000000f1680000)
  from space 1024K, 23% used [0x00000000f1680000,0x00000000f16bb8a0,0x00000000f1780000)
  to   space 1024K, 0% used [0x00000000f1780000,0x00000000f1780000,0x00000000f1880000)
 ParOldGen       total 433152K, used 317501K [0x00000000c1c00000, 0x00000000dc300000, 0x00000000eb400000)
  object space 433152K, 73% used [0x00000000c1c00000,0x00000000d520f490,0x00000000dc300000)
 Metaspace       used 13239K, capacity 13426K, committed 13568K, reserved 1060864K
  class space    used 1709K, capacity 1765K, committed 1792K, reserved 1048576K
GC Heap History (10 events):
Event: 4.763 GC heap before
{Heap before GC invocations=37 (full 13):
 PSYoungGen      total 101888K, used 224K [0x00000000eb400000, 0x00000000f1880000, 0x0000000100000000)
  eden space 100864K, 0% used [0x00000000eb400000,0x00000000eb400000,0x00000000f1680000)
  from space 1024K, 21% used [0x00000000f1780000,0x00000000f17b8000,0x00000000f1880000)
  to   space 1024K, 0% used [0x00000000f1680000,0x00000000f1680000,0x00000000f1780000)
 ParOldGen       total 386048K, used 338226K [0x00000000c1c00000, 0x00000000d9500000, 0x00000000eb400000)
  object space 386048K, 87% used [0x00000000c1c00000,0x00000000d664c9f0,0x00000000d9500000)
 Metaspace       used 10702K, capacity 10840K, committed 11008K, reserved 1058816K
  class space    used 1388K, capacity 1440K, committed 1536K, reserved 1048576K
Event: 4.774 GC heap after
Heap after GC invocations=37 (full 13):
 PSYoungGen      total 101888K, used 0K [0x00000000eb400000, 0x00000000f1880000, 0x0000000100000000)
  eden space 100864K, 0% used [0x00000000eb400000,0x00000000eb400000,0x00000000f1680000)
  from space 1024K, 0% used [0x00000000f1780000,0x00000000f1780000,0x00000000f1880000)
  to   space 1024K, 0% used [0x00000000f1680000,0x00000000f1680000,0x00000000f1780000)
 ParOldGen       total 433152K, used 304568K [0x00000000c1c00000, 0x00000000dc300000, 0x00000000eb400000)
  object space 433152K, 70% used [0x00000000c1c00000,0x00000000d456e3e8,0x00000000dc300000)
 Metaspace       used 10702K, capacity 10840K, committed 11008K, reserved 1058816K
  class space    used 1388K, capacity 1440K, committed 1536K, reserved 1048576K
}
Event: 9.773 GC heap before
{Heap before GC invocations=38 (full 13):
 PSYoungGen      total 101888K, used 100864K [0x00000000eb400000, 0x00000000f1880000, 0x0000000100000000)
  eden space 100864K, 100% used [0x00000000eb400000,0x00000000f1680000,0x00000000f1680000)
  from space 1024K, 0% used [0x00000000f1780000,0x00000000f1780000,0x00000000f1880000)
  to   space 1024K, 0% used [0x00000000f1680000,0x00000000f1680000,0x00000000f1780000)
 ParOldGen       total 433152K, used 304568K [0x00000000c1c00000, 0x00000000dc300000, 0x00000000eb400000)
  object space 433152K, 70% used [0x00000000c1c00000,0x00000000d456e3e8,0x00000000dc300000)
 Metaspace       used 12309K, capacity 12460K, committed 12800K, reserved 1060864K
  class space    used 1629K, capacity 1700K, committed 1792K, reserved 1048576K
Event: 9.781 GC heap after
Heap after GC invocations=38 (full 13):
 PSYoungGen      total 101888K, used 1022K [0x00000000eb400000, 0x00000000f1880000, 0x0000000100000000)
  eden space 100864K, 0% used [0x00000000eb400000,0x00000000eb400000,0x00000000f1680000)
  from space 1024K, 99% used [0x00000000f1680000,0x00000000f177f830,0x00000000f1780000)
  to   space 1024K, 0% used [0x00000000f1780000,0x00000000f1780000,0x00000000f1880000)
 ParOldGen       total 433152K, used 338819K [0x00000000c1c00000, 0x00000000dc300000, 0x00000000eb400000)
  object space 433152K, 78% used [0x00000000c1c00000,0x00000000d66e0f48,0x00000000dc300000)
 Metaspace       used 12309K, capacity 12460K, committed 12800K, reserved 1060864K
  class space    used 1629K, capacity 1700K, committed 1792K, reserved 1048576K
}
Event: 9.781 GC heap before
{Heap before GC invocations=39 (full 14):
 PSYoungGen      total 101888K, used 1022K [0x00000000eb400000, 0x00000000f1880000, 0x0000000100000000)
  eden space 100864K, 0% used [0x00000000eb400000,0x00000000eb400000,0x00000000f1680000)
  from space 1024K, 99% used [0x00000000f1680000,0x00000000f177f830,0x00000000f1780000)
  to   space 1024K, 0% used [0x00000000f1780000,0x00000000f1780000,0x00000000f1880000)
 ParOldGen       total 433152K, used 338819K [0x00000000c1c00000, 0x00000000dc300000, 0x00000000eb400000)
  object space 433152K, 78% used [0x00000000c1c00000,0x00000000d66e0f48,0x00000000dc300000)
 Metaspace       used 12309K, capacity 12460K, committed 12800K, reserved 1060864K
  class space    used 1629K, capacity 1700K, committed 1792K, reserved 1048576K
Event: 9.799 GC heap after
Heap after GC invocations=39 (full 14):
 PSYoungGen      total 101888K, used 0K [0x00000000eb400000, 0x00000000f1880000, 0x0000000100000000)
  eden space 100864K, 0% used [0x00000000eb400000,0x00000000eb400000,0x00000000f1680000)
  from space 1024K, 0% used [0x00000000f1680000,0x00000000f1680000,0x00000000f1780000)
  to   space 1024K, 0% used [0x00000000f1780000,0x00000000f1780000,0x00000000f1880000)
 ParOldGen       total 433152K, used 317269K [0x00000000c1c00000, 0x00000000dc300000, 0x00000000eb400000)
  object space 433152K, 73% used [0x00000000c1c00000,0x00000000d51d5490,0x00000000dc300000)
 Metaspace       used 12309K, capacity 12460K, committed 12800K, reserved 1060864K
  class space    used 1629K, capacity 1700K, committed 1792K, reserved 1048576K
}
Event: 10.204 GC heap before
{Heap before GC invocations=40 (full 14):
 PSYoungGen      total 101888K, used 100864K [0x00000000eb400000, 0x00000000f1880000, 0x0000000100000000)
  eden space 100864K, 100% used [0x00000000eb400000,0x00000000f1680000,0x00000000f1680000)
  from space 1024K, 0% used [0x00000000f1680000,0x00000000f1680000,0x00000000f1780000)
  to   space 1024K, 0% used [0x00000000f1780000,0x00000000f1780000,0x00000000f1880000)
 ParOldGen       total 433152K, used 317269K [0x00000000c1c00000, 0x00000000dc300000, 0x00000000eb400000)
  object space 433152K, 73% used [0x00000000c1c00000,0x00000000d51d5490,0x00000000dc300000)
 Metaspace       used 12725K, capacity 12876K, committed 13056K, reserved 1060864K
  class space    used 1668K, capacity 1732K, committed 1792K, reserved 1048576K
Event: 10.206 GC heap after
Heap after GC invocations=40 (full 14):
 PSYoungGen      total 101888K, used 359K [0x00000000eb400000, 0x00000000f1880000, 0x0000000100000000)
  eden space 100864K, 0% used [0x00000000eb400000,0x00000000eb400000,0x00000000f1680000)
  from space 1024K, 35% used [0x00000000f1780000,0x00000000f17d9c50,0x00000000f1880000)
  to   space 1024K, 0% used [0x00000000f1680000,0x00000000f1680000,0x00000000f1780000)
 ParOldGen       total 433152K, used 317277K [0x00000000c1c00000, 0x00000000dc300000, 0x00000000eb400000)
  object space 433152K, 73% used [0x00000000c1c00000,0x00000000d51d7490,0x00000000dc300000)
 Metaspace       used 12725K, capacity 12876K, committed 13056K, reserved 1060864K
  class space    used 1668K, capacity 1732K, committed 1792K, reserved 1048576K
}
Event: 12.986 GC heap before
{Heap before GC invocations=41 (full 14):
 PSYoungGen      total 101888K, used 101223K [0x00000000eb400000, 0x00000000f1880000, 0x0000000100000000)
  eden space 100864K, 100% used [0x00000000eb400000,0x00000000f1680000,0x00000000f1680000)
  from space 1024K, 35% used [0x00000000f1780000,0x00000000f17d9c50,0x00000000f1880000)
  to   space 1024K, 0% used [0x00000000f1680000,0x00000000f1680000,0x00000000f1780000)
 ParOldGen       total 433152K, used 317277K [0x00000000c1c00000, 0x00000000dc300000, 0x00000000eb400000)
  object space 433152K, 73% used [0x00000000c1c00000,0x00000000d51d7490,0x00000000dc300000)
 Metaspace       used 13187K, capacity 13362K, committed 13568K, reserved 1060864K
  class space    used 1709K, capacity 1765K, committed 1792K, reserved 1048576K
Event: 12.989 GC heap after
Heap after GC invocations=41 (full 14):
 PSYoungGen      total 101888K, used 238K [0x00000000eb400000, 0x00000000f1880000, 0x0000000100000000)
  eden space 100864K, 0% used [0x00000000eb400000,0x00000000eb400000,0x00000000f1680000)
  from space 1024K, 23% used [0x00000000f1680000,0x00000000f16bb8a0,0x00000000f1780000)
  to   space 1024K, 0% used [0x00000000f1780000,0x00000000f1780000,0x00000000f1880000)
 ParOldGen       total 433152K, used 317501K [0x00000000c1c00000, 0x00000000dc300000, 0x00000000eb400000)
  object space 433152K, 73% used [0x00000000c1c00000,0x00000000d520f490,0x00000000dc300000)
 Metaspace       used 13187K, capacity 13362K, committed 13568K, reserved 1060864K
  class space    used 1709K, capacity 1765K, committed 1792K, reserved 1048576K
}

